<?xml version="1.0" encoding="UTF-8"?>
<robot generator="Robot 3.1.2 (Python 3.6.3 on win32)" generated="20220327 12:25:06.703" rpa="false">
<suite id="s1" name="PYTHON" source="C:\Users\grames\PycharmProjects\Assignment\TestCases\PYTHON.robot">
<test id="s1-t1" name="GoogleSearch">
<kw name="Open Browser" library="SeleniumLibrary">
<doc>Opens a new browser instance to the given ``url``.</doc>
<arguments>
<arg>${url}</arg>
<arg>${browser}</arg>
</arguments>
<msg timestamp="20220327 12:25:06.820" level="INFO">Opening browser 'chrome' to base url 'https://www.google.co.in/'.</msg>
<status status="PASS" starttime="20220327 12:25:06.820" endtime="20220327 12:25:08.722"></status>
</kw>
<kw name="Maximize Browser Window" library="SeleniumLibrary">
<doc>Maximizes current browser window.</doc>
<status status="PASS" starttime="20220327 12:25:08.722" endtime="20220327 12:25:08.841"></status>
</kw>
<kw name="Set Selenium Speed" library="SeleniumLibrary">
<doc>Sets the delay that is waited after each Selenium command.</doc>
<arguments>
<arg>1seconds</arg>
</arguments>
<status status="PASS" starttime="20220327 12:25:08.841" endtime="20220327 12:25:08.841"></status>
</kw>
<kw name="SearchPythonInGoogle">
<kw name="Set Variable" library="BuiltIn">
<doc>Returns the given values which can then be assigned to a variables.</doc>
<arguments>
<arg>xpath://input[@type='text']</arg>
</arguments>
<assign>
<var>${"search_box"}</var>
</assign>
<msg timestamp="20220327 12:25:08.841" level="INFO">${"search_box"} = xpath://input[@type='text']</msg>
<status status="PASS" starttime="20220327 12:25:08.841" endtime="20220327 12:25:08.841"></status>
</kw>
<kw name="Input Text" library="SeleniumLibrary">
<doc>Types the given ``text`` into text field identified by ``locator``.</doc>
<arguments>
<arg>${"search_box"}</arg>
<arg>python</arg>
</arguments>
<msg timestamp="20220327 12:25:08.841" level="INFO">Typing text 'python' into text field 'xpath://input[@type='text']'.</msg>
<status status="PASS" starttime="20220327 12:25:08.841" endtime="20220327 12:25:11.978"></status>
</kw>
<kw name="Press Keys" library="SeleniumLibrary">
<doc>Simulates user pressing key(s) to an element or on the active browser.</doc>
<arguments>
<arg>${"search_box"}</arg>
<arg>ENTER</arg>
</arguments>
<msg timestamp="20220327 12:25:11.979" level="INFO">Sending key(s) ('ENTER',) to xpath://input[@type='text'] element.</msg>
<msg timestamp="20220327 12:25:12.993" level="INFO">Pressing special key ENTER to element.</msg>
<status status="PASS" starttime="20220327 12:25:11.979" endtime="20220327 12:25:15.568"></status>
</kw>
<status status="PASS" starttime="20220327 12:25:08.841" endtime="20220327 12:25:15.568"></status>
</kw>
<kw name="Close Browser" library="SeleniumLibrary">
<doc>Closes the current browser.</doc>
<status status="PASS" starttime="20220327 12:25:15.568" endtime="20220327 12:25:18.662"></status>
</kw>
<status status="PASS" starttime="20220327 12:25:06.820" endtime="20220327 12:25:18.662" critical="yes"></status>
</test>
<test id="s1-t2" name="PrintTheResult">
<kw name="Create File" library="OperatingSystem">
<doc>Creates a file with the given content and encoding.</doc>
<arguments>
<arg>${path}</arg>
<arg>Test Passed</arg>
</arguments>
<msg timestamp="20220327 12:25:18.667" level="INFO" html="yes">Created file '&lt;a href="file://C:\Users\grames\PycharmProjects\Assignment\TestCases\PrintTheResult.txt"&gt;C:\Users\grames\PycharmProjects\Assignment\TestCases\PrintTheResult.txt&lt;/a&gt;'.</msg>
<status status="PASS" starttime="20220327 12:25:18.667" endtime="20220327 12:25:18.667"></status>
</kw>
<kw name="File Should Exist" library="OperatingSystem">
<doc>Fails unless the given ``path`` points to an existing file.</doc>
<arguments>
<arg>${path}</arg>
</arguments>
<msg timestamp="20220327 12:25:18.667" level="INFO" html="yes">File '&lt;a href="file://C:\Users\grames\PycharmProjects\Assignment\TestCases\PrintTheResult.txt"&gt;C:\Users\grames\PycharmProjects\Assignment\TestCases\PrintTheResult.txt&lt;/a&gt;' exists.</msg>
<status status="PASS" starttime="20220327 12:25:18.667" endtime="20220327 12:25:18.667"></status>
</kw>
<kw name="Copy File" library="OperatingSystem">
<doc>Copies the source file into the destination.</doc>
<arguments>
<arg>${path}</arg>
<arg>~/file.txt</arg>
</arguments>
<msg timestamp="20220327 12:25:18.670" level="INFO" html="yes">Copied file from '&lt;a href="file://C:\Users\grames\PycharmProjects\Assignment\TestCases\PrintTheResult.txt"&gt;C:\Users\grames\PycharmProjects\Assignment\TestCases\PrintTheResult.txt&lt;/a&gt;' to '&lt;a href="file://C:\Users\grames\file.txt"&gt;C:\Users\grames\file.txt&lt;/a&gt;'.</msg>
<status status="PASS" starttime="20220327 12:25:18.667" endtime="20220327 12:25:18.670"></status>
</kw>
<status status="PASS" starttime="20220327 12:25:18.662" endtime="20220327 12:25:18.670" critical="yes"></status>
</test>
<status status="PASS" starttime="20220327 12:25:06.706" endtime="20220327 12:25:18.670"></status>
</suite>
<statistics>
<total>
<stat pass="2" fail="0">Critical Tests</stat>
<stat pass="2" fail="0">All Tests</stat>
</total>
<tag>
</tag>
<suite>
<stat pass="2" fail="0" id="s1" name="PYTHON">PYTHON</stat>
</suite>
</statistics>
<errors>
</errors>
</robot>
