<?xml version="1.0" encoding="UTF-8"?>
<robot generator="Robot 3.1.2 (Python 3.8.2 on win32)" generated="20220330 21:43:48.382" rpa="false">
<suite id="s1" name="PYTHON" source="C:\Users\grames\PycharmProjects\Assignment\TestCases\PYTHON.robot">
<test id="s1-t1" name="GoogleSearch">
<kw name="Open Browser" library="SeleniumLibrary">
<doc>Opens a new browser instance to the given ``url``.</doc>
<arguments>
<arg>${url}</arg>
<arg>${browser}</arg>
</arguments>
<msg timestamp="20220330 21:43:48.502" level="INFO">Opening browser 'chrome' to base url 'https://www.google.co.in/'.</msg>
<status status="PASS" starttime="20220330 21:43:48.502" endtime="20220330 21:43:50.337"></status>
</kw>
<kw name="Maximize Browser Window" library="SeleniumLibrary">
<doc>Maximizes current browser window.</doc>
<status status="PASS" starttime="20220330 21:43:50.339" endtime="20220330 21:43:50.458"></status>
</kw>
<kw name="Set Selenium Speed" library="SeleniumLibrary">
<doc>Sets the delay that is waited after each Selenium command.</doc>
<arguments>
<arg>1seconds</arg>
</arguments>
<status status="PASS" starttime="20220330 21:43:50.458" endtime="20220330 21:43:50.458"></status>
</kw>
<kw name="Set Variable" library="BuiltIn">
<doc>Returns the given values which can then be assigned to a variables.</doc>
<arguments>
<arg>xpath://input[@type='text']</arg>
</arguments>
<assign>
<var>${"search_box"}</var>
</assign>
<msg timestamp="20220330 21:43:50.458" level="INFO">${"search_box"} = xpath://input[@type='text']</msg>
<status status="PASS" starttime="20220330 21:43:50.458" endtime="20220330 21:43:50.458"></status>
</kw>
<kw name="Input Text" library="SeleniumLibrary">
<doc>Types the given ``text`` into text field identified by ``locator``.</doc>
<arguments>
<arg>${"search_box"}</arg>
<arg>python</arg>
</arguments>
<msg timestamp="20220330 21:43:50.458" level="INFO">Typing text 'python' into text field 'xpath://input[@type='text']'.</msg>
<status status="PASS" starttime="20220330 21:43:50.458" endtime="20220330 21:43:53.585"></status>
</kw>
<kw name="Press Keys" library="SeleniumLibrary">
<doc>Simulates user pressing key(s) to an element or on the active browser.</doc>
<arguments>
<arg>${"search_box"}</arg>
<arg>ENTER</arg>
</arguments>
<msg timestamp="20220330 21:43:53.586" level="INFO">Sending key(s) ('ENTER',) to xpath://input[@type='text'] element.</msg>
<msg timestamp="20220330 21:43:54.609" level="INFO">Pressing special key ENTER to element.</msg>
<status status="PASS" starttime="20220330 21:43:53.586" endtime="20220330 21:43:57.192"></status>
</kw>
<kw name="Get Element Count" library="SeleniumLibrary">
<doc>Returns number of elements matching ``locator``.</doc>
<arguments>
<arg>xpath://h3</arg>
</arguments>
<assign>
<var>${AllLinksCount}</var>
</assign>
<msg timestamp="20220330 21:43:58.210" level="INFO">${AllLinksCount} = 23</msg>
<status status="PASS" starttime="20220330 21:43:57.192" endtime="20220330 21:43:58.210"></status>
</kw>
<kw name="Log To Console" library="BuiltIn">
<doc>Logs the given message to the console.</doc>
<arguments>
<arg>${AllLinksCount}</arg>
</arguments>
<status status="PASS" starttime="20220330 21:43:58.210" endtime="20220330 21:43:58.210"></status>
</kw>
<kw name="Create List" library="BuiltIn">
<doc>Returns a list containing given items.</doc>
<assign>
<var>@{LinkItems}</var>
</assign>
<msg timestamp="20220330 21:43:58.213" level="INFO">@{LinkItems} = [ ]</msg>
<status status="PASS" starttime="20220330 21:43:58.210" endtime="20220330 21:43:58.213"></status>
</kw>
<kw name="${i} IN RANGE [ 1 ]" type="for">
<kw name="${i} = 0" type="foritem">
<kw name="Get Text" library="SeleniumLibrary">
<doc>Returns the text value of element identified by ``locator``.</doc>
<arguments>
<arg>xpath:(//h3)[${1}]</arg>
</arguments>
<assign>
<var>${LinkText}</var>
</assign>
<msg timestamp="20220330 21:44:00.282" level="INFO">${LinkText} = Welcome to Python.org</msg>
<status status="PASS" starttime="20220330 21:43:58.213" endtime="20220330 21:44:00.282"></status>
</kw>
<kw name="Log To Console" library="BuiltIn">
<doc>Logs the given message to the console.</doc>
<arguments>
<arg>${LinkText}</arg>
</arguments>
<status status="PASS" starttime="20220330 21:44:00.282" endtime="20220330 21:44:00.282"></status>
</kw>
<status status="PASS" starttime="20220330 21:43:58.213" endtime="20220330 21:44:00.282"></status>
</kw>
<status status="PASS" starttime="20220330 21:43:58.213" endtime="20220330 21:44:00.282"></status>
</kw>
<kw name="${i} IN RANGE [ 1 ]" type="for">
<kw name="${i} = 0" type="foritem">
<kw name="Get Text" library="SeleniumLibrary">
<doc>Returns the text value of element identified by ``locator``.</doc>
<arguments>
<arg>xpath:(//h3)[${6}]</arg>
</arguments>
<assign>
<var>${LinkText}</var>
</assign>
<msg timestamp="20220330 21:44:02.356" level="INFO">${LinkText} = Python Tutorial - W3Schools</msg>
<status status="PASS" starttime="20220330 21:44:00.282" endtime="20220330 21:44:02.356"></status>
</kw>
<kw name="Log To Console" library="BuiltIn">
<doc>Logs the given message to the console.</doc>
<arguments>
<arg>${LinkText}</arg>
</arguments>
<status status="PASS" starttime="20220330 21:44:02.356" endtime="20220330 21:44:02.356"></status>
</kw>
<status status="PASS" starttime="20220330 21:44:00.282" endtime="20220330 21:44:02.356"></status>
</kw>
<status status="PASS" starttime="20220330 21:44:00.282" endtime="20220330 21:44:02.356"></status>
</kw>
<kw name="${i} IN RANGE [ 1 ]" type="for">
<kw name="${i} = 0" type="foritem">
<kw name="Get Text" library="SeleniumLibrary">
<doc>Returns the text value of element identified by ``locator``.</doc>
<arguments>
<arg>xpath:(//h3)[${12}]</arg>
</arguments>
<assign>
<var>${LinkText}</var>
</assign>
<msg timestamp="20220330 21:44:04.430" level="INFO">${LinkText} = Python (programming language) - Wikipedia</msg>
<status status="PASS" starttime="20220330 21:44:02.356" endtime="20220330 21:44:04.431"></status>
</kw>
<kw name="Log To Console" library="BuiltIn">
<doc>Logs the given message to the console.</doc>
<arguments>
<arg>${LinkText}</arg>
</arguments>
<status status="PASS" starttime="20220330 21:44:04.431" endtime="20220330 21:44:04.431"></status>
</kw>
<status status="PASS" starttime="20220330 21:44:02.356" endtime="20220330 21:44:04.431"></status>
</kw>
<status status="PASS" starttime="20220330 21:44:02.356" endtime="20220330 21:44:04.431"></status>
</kw>
<kw name="${i} IN RANGE [ 1 ]" type="for">
<kw name="${i} = 0" type="foritem">
<kw name="Get Text" library="SeleniumLibrary">
<doc>Returns the text value of element identified by ``locator``.</doc>
<arguments>
<arg>xpath:(//h3)[${13}]</arg>
</arguments>
<assign>
<var>${LinkText}</var>
</assign>
<msg timestamp="20220330 21:44:06.499" level="INFO">${LinkText} = Online Python Compiler (Interpreter) - Programiz</msg>
<status status="PASS" starttime="20220330 21:44:04.433" endtime="20220330 21:44:06.499"></status>
</kw>
<kw name="Log To Console" library="BuiltIn">
<doc>Logs the given message to the console.</doc>
<arguments>
<arg>${LinkText}</arg>
</arguments>
<status status="PASS" starttime="20220330 21:44:06.499" endtime="20220330 21:44:06.499"></status>
</kw>
<status status="PASS" starttime="20220330 21:44:04.433" endtime="20220330 21:44:06.499"></status>
</kw>
<status status="PASS" starttime="20220330 21:44:04.433" endtime="20220330 21:44:06.499"></status>
</kw>
<kw name="Get Element Count" library="SeleniumLibrary">
<doc>Returns number of elements matching ``locator``.</doc>
<arguments>
<arg>xpath://cite</arg>
</arguments>
<assign>
<var>${AllLinksCount1}</var>
</assign>
<msg timestamp="20220330 21:44:07.525" level="INFO">${AllLinksCount1} = 31</msg>
<status status="PASS" starttime="20220330 21:44:06.499" endtime="20220330 21:44:07.525"></status>
</kw>
<kw name="Log To Console" library="BuiltIn">
<doc>Logs the given message to the console.</doc>
<arguments>
<arg>${AllLinksCount}</arg>
</arguments>
<status status="PASS" starttime="20220330 21:44:07.525" endtime="20220330 21:44:07.525"></status>
</kw>
<kw name="Create List" library="BuiltIn">
<doc>Returns a list containing given items.</doc>
<assign>
<var>@{LinkItems1}</var>
</assign>
<msg timestamp="20220330 21:44:07.525" level="INFO">@{LinkItems1} = [ ]</msg>
<status status="PASS" starttime="20220330 21:44:07.525" endtime="20220330 21:44:07.525"></status>
</kw>
<kw name="${i} IN RANGE [ 1 ]" type="for">
<kw name="${i} = 0" type="foritem">
<kw name="Get Text" library="SeleniumLibrary">
<doc>Returns the text value of element identified by ``locator``.</doc>
<arguments>
<arg>xpath:(//cite)[${1}]</arg>
</arguments>
<assign>
<var>${LinkText1}</var>
</assign>
<msg timestamp="20220330 21:44:09.572" level="INFO">${LinkText1} = https://www.python.org</msg>
<status status="PASS" starttime="20220330 21:44:07.525" endtime="20220330 21:44:09.572"></status>
</kw>
<kw name="Log To Console" library="BuiltIn">
<doc>Logs the given message to the console.</doc>
<arguments>
<arg>${LinkText1}</arg>
</arguments>
<status status="PASS" starttime="20220330 21:44:09.572" endtime="20220330 21:44:09.572"></status>
</kw>
<status status="PASS" starttime="20220330 21:44:07.525" endtime="20220330 21:44:09.572"></status>
</kw>
<status status="PASS" starttime="20220330 21:44:07.525" endtime="20220330 21:44:09.572"></status>
</kw>
<kw name="${i} IN RANGE [ 1 ]" type="for">
<kw name="${i} = 0" type="foritem">
<kw name="Get Text" library="SeleniumLibrary">
<doc>Returns the text value of element identified by ``locator``.</doc>
<arguments>
<arg>xpath:(//cite)[${3}]</arg>
</arguments>
<assign>
<var>${LinkText1}</var>
</assign>
<msg timestamp="20220330 21:44:11.621" level="INFO">${LinkText1} = https://www.w3schools.com › python</msg>
<status status="PASS" starttime="20220330 21:44:09.572" endtime="20220330 21:44:11.621"></status>
</kw>
<kw name="Log To Console" library="BuiltIn">
<doc>Logs the given message to the console.</doc>
<arguments>
<arg>${LinkText1}</arg>
</arguments>
<status status="PASS" starttime="20220330 21:44:11.621" endtime="20220330 21:44:11.621"></status>
</kw>
<status status="PASS" starttime="20220330 21:44:09.572" endtime="20220330 21:44:11.621"></status>
</kw>
<status status="PASS" starttime="20220330 21:44:09.572" endtime="20220330 21:44:11.621"></status>
</kw>
<kw name="${i} IN RANGE [ 1 ]" type="for">
<kw name="${i} = 0" type="foritem">
<kw name="Get Text" library="SeleniumLibrary">
<doc>Returns the text value of element identified by ``locator``.</doc>
<arguments>
<arg>xpath:(//cite)[${13}]</arg>
</arguments>
<assign>
<var>${LinkText1}</var>
</assign>
<msg timestamp="20220330 21:44:13.680" level="INFO">${LinkText1} = https://en.wikipedia.org › wiki › Python_(programming...</msg>
<status status="PASS" starttime="20220330 21:44:11.621" endtime="20220330 21:44:13.680"></status>
</kw>
<kw name="Log To Console" library="BuiltIn">
<doc>Logs the given message to the console.</doc>
<arguments>
<arg>${LinkText1}</arg>
</arguments>
<status status="PASS" starttime="20220330 21:44:13.680" endtime="20220330 21:44:13.680"></status>
</kw>
<status status="PASS" starttime="20220330 21:44:11.621" endtime="20220330 21:44:13.680"></status>
</kw>
<status status="PASS" starttime="20220330 21:44:11.621" endtime="20220330 21:44:13.680"></status>
</kw>
<kw name="${i} IN RANGE [ 1 ]" type="for">
<kw name="${i} = 0" type="foritem">
<kw name="Get Text" library="SeleniumLibrary">
<doc>Returns the text value of element identified by ``locator``.</doc>
<arguments>
<arg>xpath:(//cite)[${15}]</arg>
</arguments>
<assign>
<var>${LinkText1}</var>
</assign>
<msg timestamp="20220330 21:44:15.725" level="INFO">${LinkText1} = https://www.programiz.com › python-programming › o...</msg>
<status status="PASS" starttime="20220330 21:44:13.682" endtime="20220330 21:44:15.725"></status>
</kw>
<kw name="Log To Console" library="BuiltIn">
<doc>Logs the given message to the console.</doc>
<arguments>
<arg>${LinkText1}</arg>
</arguments>
<status status="PASS" starttime="20220330 21:44:15.725" endtime="20220330 21:44:15.725"></status>
</kw>
<status status="PASS" starttime="20220330 21:44:13.682" endtime="20220330 21:44:15.725"></status>
</kw>
<status status="PASS" starttime="20220330 21:44:13.682" endtime="20220330 21:44:15.725"></status>
</kw>
<status status="PASS" starttime="20220330 21:43:48.502" endtime="20220330 21:44:15.725" critical="yes"></status>
</test>
<status status="PASS" starttime="20220330 21:43:48.382" endtime="20220330 21:44:15.730"></status>
</suite>
<statistics>
<total>
<stat pass="1" fail="0">Critical Tests</stat>
<stat pass="1" fail="0">All Tests</stat>
</total>
<tag>
</tag>
<suite>
<stat pass="1" fail="0" id="s1" name="PYTHON">PYTHON</stat>
</suite>
</statistics>
<errors>
</errors>
</robot>
